[16-Oct-2018 10:45:51 UTC] PHP Fatal error:  Trait 'App\Helpers' not found in /home/ubuntu/workspace/location/app/Http/Controllers/LocationController.php on line 11
[16-Oct-2018 10:46:18 UTC] PHP Fatal error:  Trait 'App\Helpers\HelperFunctions' not found in /home/ubuntu/workspace/location/app/Http/Controllers/LocationController.php on line 11
[16-Oct-2018 10:46:52 UTC] PHP Fatal error:  Trait 'App\Http\Controllers\Helpers' not found in /home/ubuntu/workspace/location/app/Http/Controllers/LocationController.php on line 11
[16-Oct-2018 10:51:10 UTC] PHP Fatal error:  Trait 'App\Http\Controllers\Helpers' not found in /home/ubuntu/workspace/location/app/Http/Controllers/LocationController.php on line 11
[16-Oct-2018 10:51:32 UTC] PHP Fatal error:  Trait 'App\Helpers' not found in /home/ubuntu/workspace/location/app/Http/Controllers/LocationController.php on line 12
[16-Oct-2018 10:52:01 UTC] PHP Fatal error:  Cannot use Dingo\Api\Routing\Helpers as Helpers because the name is already in use in /home/ubuntu/workspace/location/app/Http/Controllers/LocationController.php on line 9
[17-Oct-2018 09:53:53 UTC] PHP Fatal error:  Trait 'Helpers' not found in /home/ubuntu/workspace/location/app/Http/Controllers/LocationController.php on line 13
[17-Oct-2018 09:54:07 UTC] PHP Fatal error:  Cannot use Helpers as Helpers because the name is already in use in /home/ubuntu/workspace/location/app/Http/Controllers/LocationController.php on line 9
[17-Oct-2018 09:55:45 UTC] PHP Warning:  require(/home/ubuntu/workspace/location/vendor/composer/../../app/HelperFunctions.php): failed to open stream: No such file or directory in /home/ubuntu/workspace/location/vendor/composer/autoload_real.php on line 66
[17-Oct-2018 09:55:45 UTC] PHP Fatal error:  require(): Failed opening required '/home/ubuntu/workspace/location/vendor/composer/../../app/HelperFunctions.php' (include_path='.:/usr/share/php') in /home/ubuntu/workspace/location/vendor/composer/autoload_real.php on line 66
[17-Oct-2018 09:56:01 UTC] PHP Warning:  require(/home/ubuntu/workspace/location/vendor/composer/../../app/HelperFunctions.php): failed to open stream: No such file or directory in /home/ubuntu/workspace/location/vendor/composer/autoload_real.php on line 66
[17-Oct-2018 09:56:01 UTC] PHP Fatal error:  require(): Failed opening required '/home/ubuntu/workspace/location/vendor/composer/../../app/HelperFunctions.php' (include_path='.:/usr/share/php') in /home/ubuntu/workspace/location/vendor/composer/autoload_real.php on line 66
[17-Oct-2018 09:56:11 UTC] PHP Warning:  require(/home/ubuntu/workspace/location/vendor/composer/../../app/HelperFunctions.php): failed to open stream: No such file or directory in /home/ubuntu/workspace/location/vendor/composer/autoload_real.php on line 66
[17-Oct-2018 09:56:11 UTC] PHP Fatal error:  require(): Failed opening required '/home/ubuntu/workspace/location/vendor/composer/../../app/HelperFunctions.php' (include_path='.:/usr/share/php') in /home/ubuntu/workspace/location/vendor/composer/autoload_real.php on line 66
[17-Oct-2018 09:58:40 UTC] PHP Warning:  require(/home/ubuntu/workspace/location/vendor/composer/../../app/Helpers/HelperFunctions.php): failed to open stream: No such file or directory in /home/ubuntu/workspace/location/vendor/composer/autoload_real.php on line 66
[17-Oct-2018 09:58:40 UTC] PHP Fatal error:  require(): Failed opening required '/home/ubuntu/workspace/location/vendor/composer/../../app/Helpers/HelperFunctions.php' (include_path='.:/usr/share/php') in /home/ubuntu/workspace/location/vendor/composer/autoload_real.php on line 66
[17-Oct-2018 09:58:57 UTC] PHP Warning:  require(/home/ubuntu/workspace/location/vendor/composer/../../app/Helpers/HelperFunctions.php): failed to open stream: No such file or directory in /home/ubuntu/workspace/location/vendor/composer/autoload_real.php on line 66
[17-Oct-2018 09:58:57 UTC] PHP Fatal error:  require(): Failed opening required '/home/ubuntu/workspace/location/vendor/composer/../../app/Helpers/HelperFunctions.php' (include_path='.:/usr/share/php') in /home/ubuntu/workspace/location/vendor/composer/autoload_real.php on line 66
[17-Oct-2018 09:59:10 UTC] PHP Warning:  require(/home/ubuntu/workspace/location/vendor/composer/../../app/Helpers/HelperFunctions.php): failed to open stream: No such file or directory in /home/ubuntu/workspace/location/vendor/composer/autoload_real.php on line 66
[17-Oct-2018 09:59:10 UTC] PHP Fatal error:  require(): Failed opening required '/home/ubuntu/workspace/location/vendor/composer/../../app/Helpers/HelperFunctions.php' (include_path='.:/usr/share/php') in /home/ubuntu/workspace/location/vendor/composer/autoload_real.php on line 66
[17-Oct-2018 09:59:30 UTC] PHP Warning:  require(/home/ubuntu/workspace/location/vendor/composer/../../app/Helpers/HelperFunctions.php): failed to open stream: No such file or directory in /home/ubuntu/workspace/location/vendor/composer/autoload_real.php on line 66
[17-Oct-2018 09:59:30 UTC] PHP Fatal error:  require(): Failed opening required '/home/ubuntu/workspace/location/vendor/composer/../../app/Helpers/HelperFunctions.php' (include_path='.:/usr/share/php') in /home/ubuntu/workspace/location/vendor/composer/autoload_real.php on line 66
